<?xml version="1.0" encoding="UTF-8"?>
<!-- Generated by org.testng.reporters.JUnitReportReporter -->
<testsuite skipped="0" hostname="DESKTOP-JNDMTE4" name="tests.firstTest" tests="1" failures="0" timestamp="17 авг 2019 09:36:24 GMT" time="0.010" errors="0">
  <testcase name="test" time="0.010" classname="tests.firstTest"/>
</testsuite> <!-- tests.firstTest -->
